<?xml version="1.0" encoding="UTF-8"?>
<testsuite xmlns:xsi="http://www.w3.org/2001/XMLSchema-instance" xsi:noNamespaceSchemaLocation="https://maven.apache.org/surefire/maven-surefire-plugin/xsd/surefire-test-report-3.0.xsd" version="3.0" name="com.github.dennismuehlegger.blackjack.BlackjackTests" time="0.129" tests="16" errors="0" skipped="0" failures="0">
  <properties>
[...]
</properties>
  <testcase name="testPlayRoundsAllPlayersBust" classname="com.github.dennismuehlegger.blackjack.BlackjackTests" time="0.031">
    <system-out><![CDATA[
========================================
*** ROUND 1 ***
========================================

=== Current hand ===
dennis: 22
lejla: 24


========================================
*** ROUND 2 ***
========================================

=== Current hand ===
dennis: 22
lejla: 24


========================================
*** ROUND 3 ***
========================================

=== Current hand ===
dennis: 22
lejla: 24


========================================
*** ROUND 4 ***
========================================

=== Current hand ===
dennis: 22
lejla: 24


========================================
*** ROUND 5 ***
========================================

=== Current hand ===
dennis: 22
lejla: 24

========================================
*** FINAL HANDS ***
========================================
dennis: 10♦, 6♣, 6♣ = 22
lejla: 10♥, 8♠, 6♣ = 24
========================================
========================================
*** lejla wins with 24 points! ***
========================================
]]></system-out>
  </testcase>
  <testcase name="testAceCalculationPotentialBust" classname="com.github.dennismuehlegger.blackjack.BlackjackTests" time="0.0"/>
  <testcase name="testInputPlayRoundsSkipsBustedAndStandingPlayers" classname="com.github.dennismuehlegger.blackjack.BlackjackTests" time="0.011">
    <system-out><![CDATA[
========================================
*** ROUND 1 ***
========================================

=== Current hand ===
dennis: 18
lejla: 19
ethan: 15
ellis: 9


--- dennis turn ---
Current hand: 18
dennis, do you want to hit? (yes/no): 
dennis draws: K♥
New hand: 28
dennis is over 21 and busted!

--- lejla turn ---
Current hand: 19
lejla, do you want to hit? (yes/no): lejla stands (hand stays 19)

--- ethan turn ---
Current hand: 15
ethan, do you want to hit? (yes/no): 
ethan draws: 2♥
New hand: 17

--- ellis turn ---
Current hand: 9
ellis, do you want to hit? (yes/no): 
ellis draws: 3♥
New hand: 12

========================================
*** ROUND 2 ***
========================================

=== Current hand ===
dennis: 28 (Busted)
lejla: 19 (Standing)
ethan: 17
ellis: 12


--- ethan turn ---
Current hand: 17
ethan, do you want to hit? (yes/no): 
ethan draws: 4♥
New hand: 21
ethan has exactly 21!
========================================
*** FINAL HANDS ***
========================================
dennis: 10♦, 8♣, K♥ = 28 (Busted)
lejla: 10♥, 9♠ = 19 (Standing)
ethan: 6♥, 9♠, 2♥, 4♥ = 21
ellis: 2♥, 7♠, 3♥ = 12
========================================
========================================
*** ethan wins with 21 points! ***
========================================
]]></system-out>
  </testcase>
  <testcase name="testInputPlayerBusts" classname="com.github.dennismuehlegger.blackjack.BlackjackTests" time="0.013">
    <system-out><![CDATA[
--- dennis turn ---
Current hand: 16
dennis, do you want to hit? (yes/no): 
dennis draws: 6♥
New hand: 22
dennis is over 21 and busted!

--- lejla turn ---
Current hand: 10
lejla, do you want to hit? (yes/no): 
lejla draws: K♠
New hand: 20
]]></system-out>
  </testcase>
  <testcase name="testAceCalculation" classname="com.github.dennismuehlegger.blackjack.BlackjackTests" time="0.001"/>
  <testcase name="testPlayerInputMismatch" classname="com.github.dennismuehlegger.blackjack.BlackjackTests" time="0.001">
    <system-out><![CDATA[How many players want to play?: Please enter a number!
How many players want to play?: Please enter name of player 1: Please enter name of player 2: 
]]></system-out>
  </testcase>
  <testcase name="testDeckCreation" classname="com.github.dennismuehlegger.blackjack.BlackjackTests" time="0.0"/>
  <testcase name="testPlayerLimit" classname="com.github.dennismuehlegger.blackjack.BlackjackTests" time="0.0">
    <system-out><![CDATA[How many players want to play?: At least 2 or maximum 7 of players need to participate!
How many players want to play?: Please enter name of player 1: Please enter name of player 2: 
]]></system-out>
  </testcase>
  <testcase name="testPlayRoundsImmediateHighScoreTie" classname="com.github.dennismuehlegger.blackjack.BlackjackTests" time="0.002">
    <system-out><![CDATA[========================================
*** FINAL HANDS ***
========================================
dennis: A♠, K♥ = 21
lejla: A♦, Q♣ = 21
========================================
========================================
*** TIE! ***
Players with 21: dennis, lejla
========================================
]]></system-out>
  </testcase>
  <testcase name="testInputPlayerStands" classname="com.github.dennismuehlegger.blackjack.BlackjackTests" time="0.006">
    <system-out><![CDATA[
--- dennis turn ---
Current hand: 15
dennis, do you want to hit? (yes/no): dennis stands (hand stays 15)

--- lejla turn ---
Current hand: 10
lejla, do you want to hit? (yes/no): 
lejla draws: 6♥
New hand: 16
]]></system-out>
  </testcase>
  <testcase name="testInputPlayRoundsStandingPlayersTie" classname="com.github.dennismuehlegger.blackjack.BlackjackTests" time="0.003">
    <system-out><![CDATA[
========================================
*** ROUND 1 ***
========================================

=== Current hand ===
dennis: 15
lejla: 10


--- dennis turn ---
Current hand: 15
dennis, do you want to hit? (yes/no): 
dennis draws: 3♥
New hand: 18

--- lejla turn ---
Current hand: 10
lejla, do you want to hit? (yes/no): 
lejla draws: 8♥
New hand: 18

========================================
*** ROUND 2 ***
========================================

=== Current hand ===
dennis: 18
lejla: 18


--- dennis turn ---
Current hand: 18
dennis, do you want to hit? (yes/no): dennis stands (hand stays 18)

--- lejla turn ---
Current hand: 18
lejla, do you want to hit? (yes/no): lejla stands (hand stays 18)
========================================
*** FINAL HANDS ***
========================================
dennis: 10♦, 5♣, 3♥ = 18 (Standing)
lejla: 7♦, 3♥, 8♥ = 18 (Standing)
========================================
========================================
*** TIE! ***
Players with 18: dennis, lejla
========================================
]]></system-out>
  </testcase>
  <testcase name="testPlayRoundsImmediateHighScoreSingleWinner" classname="com.github.dennismuehlegger.blackjack.BlackjackTests" time="0.008">
    <system-out><![CDATA[========================================
*** FINAL HANDS ***
========================================
dennis: A♠, K♥ = 21
lejla: 10♦, 9♣ = 19
========================================
========================================
*** dennis has 21 and wins! ***
========================================
]]></system-out>
  </testcase>
  <testcase name="testDeckInputMismatch" classname="com.github.dennismuehlegger.blackjack.BlackjackTests" time="0.002">
    <system-out><![CDATA[How many decks should be used this round?: Please enter a number!
How many decks should be used this round?: ]]></system-out>
  </testcase>
  <testcase name="testInputPlayRoundsWinMidRound" classname="com.github.dennismuehlegger.blackjack.BlackjackTests" time="0.001">
    <system-out><![CDATA[
========================================
*** ROUND 1 ***
========================================

=== Current hand ===
dennis: 15
lejla: 10


--- dennis turn ---
Current hand: 15
dennis, do you want to hit? (yes/no): 
dennis draws: 6♥
New hand: 21
dennis has exactly 21!
========================================
*** FINAL HANDS ***
========================================
dennis: 10♦, 5♣, 6♥ = 21
lejla: 7♦, 3♥ = 10
========================================
========================================
*** dennis wins with 21 points! ***
========================================
]]></system-out>
  </testcase>
  <testcase name="testDeckLimit" classname="com.github.dennismuehlegger.blackjack.BlackjackTests" time="0.001">
    <system-out><![CDATA[How many decks should be used this round?: At least 1 or maximum 8 of decks can be used!
How many decks should be used this round?: ]]></system-out>
  </testcase>
  <testcase name="testInputPlayRoundsAllPlayersStand" classname="com.github.dennismuehlegger.blackjack.BlackjackTests" time="0.001">
    <system-out><![CDATA[
========================================
*** ROUND 1 ***
========================================

=== Current hand ===
dennis: 19
lejla: 18


--- dennis turn ---
Current hand: 19
dennis, do you want to hit? (yes/no): dennis stands (hand stays 19)

--- lejla turn ---
Current hand: 18
lejla, do you want to hit? (yes/no): lejla stands (hand stays 18)
========================================
*** FINAL HANDS ***
========================================
dennis: 10♦, 9♣ = 19 (Standing)
lejla: 10♥, 8♠ = 18 (Standing)
========================================
========================================
*** dennis wins with 19 points! ***
========================================
]]></system-out>
  </testcase>
</testsuite>